<?xml version="1.0" encoding="UTF-8"?>
<coverage generated="1706140231052" clover="3.2.0">
  <project timestamp="1706140231053" name="All files">
    <metrics statements="104" coveredstatements="68" conditionals="21" coveredconditionals="3" methods="56" coveredmethods="35" elements="181" coveredelements="106" complexity="0" loc="104" ncloc="104" packages="13" files="24" classes="24"/>
    <package name="src">
      <metrics statements="2" coveredstatements="0" conditionals="0" coveredconditionals="0" methods="1" coveredmethods="0"/>
      <file name="App.tsx" path="C:\Users\bruna.duarte\Documents\Cursos\Ignite_ReactJS_2022\01-Fundamentos_ReactJs\01-desafio\src\App.tsx">
        <metrics statements="1" coveredstatements="0" conditionals="0" coveredconditionals="0" methods="1" coveredmethods="0"/>
        <line num="7" count="0" type="stmt"/>
      </file>
      <file name="main.tsx" path="C:\Users\bruna.duarte\Documents\Cursos\Ignite_ReactJS_2022\01-Fundamentos_ReactJs\01-desafio\src\main.tsx">
        <metrics statements="1" coveredstatements="0" conditionals="0" coveredconditionals="0" methods="0" coveredmethods="0"/>
        <line num="5" count="0" type="stmt"/>
      </file>
      <file name="vite-env.d.ts" path="C:\Users\bruna.duarte\Documents\Cursos\Ignite_ReactJS_2022\01-Fundamentos_ReactJs\01-desafio\src\vite-env.d.ts">
        <metrics statements="0" coveredstatements="0" conditionals="0" coveredconditionals="0" methods="0" coveredmethods="0"/>
      </file>
    </package>
    <package name="src.@types">
      <metrics statements="0" coveredstatements="0" conditionals="0" coveredconditionals="0" methods="0" coveredmethods="0"/>
      <file name="list.ts" path="C:\Users\bruna.duarte\Documents\Cursos\Ignite_ReactJS_2022\01-Fundamentos_ReactJs\01-desafio\src\@types\list.ts">
        <metrics statements="0" coveredstatements="0" conditionals="0" coveredconditionals="0" methods="0" coveredmethods="0"/>
      </file>
      <file name="styles.d.ts" path="C:\Users\bruna.duarte\Documents\Cursos\Ignite_ReactJS_2022\01-Fundamentos_ReactJs\01-desafio\src\@types\styles.d.ts">
        <metrics statements="0" coveredstatements="0" conditionals="0" coveredconditionals="0" methods="0" coveredmethods="0"/>
      </file>
    </package>
    <package name="src.components.Button">
      <metrics statements="5" coveredstatements="5" conditionals="0" coveredconditionals="0" methods="4" coveredmethods="4"/>
      <file name="index.tsx" path="C:\Users\bruna.duarte\Documents\Cursos\Ignite_ReactJS_2022\01-Fundamentos_ReactJs\01-desafio\src\components\Button\index.tsx">
        <metrics statements="1" coveredstatements="1" conditionals="0" coveredconditionals="0" methods="1" coveredmethods="1"/>
        <line num="9" count="6" type="stmt"/>
      </file>
      <file name="styles.ts" path="C:\Users\bruna.duarte\Documents\Cursos\Ignite_ReactJS_2022\01-Fundamentos_ReactJs\01-desafio\src\components\Button\styles.ts">
        <metrics statements="4" coveredstatements="4" conditionals="0" coveredconditionals="0" methods="3" coveredmethods="3"/>
        <line num="3" count="3" type="stmt"/>
        <line num="8" count="6" type="stmt"/>
        <line num="12" count="6" type="stmt"/>
        <line num="21" count="6" type="stmt"/>
      </file>
    </package>
    <package name="src.components.Header">
      <metrics statements="4" coveredstatements="4" conditionals="0" coveredconditionals="0" methods="2" coveredmethods="2"/>
      <file name="index.tsx" path="C:\Users\bruna.duarte\Documents\Cursos\Ignite_ReactJS_2022\01-Fundamentos_ReactJs\01-desafio\src\components\Header\index.tsx">
        <metrics statements="2" coveredstatements="2" conditionals="0" coveredconditionals="0" methods="1" coveredmethods="1"/>
        <line num="3" count="3" type="stmt"/>
        <line num="4" count="4" type="stmt"/>
      </file>
      <file name="styles.ts" path="C:\Users\bruna.duarte\Documents\Cursos\Ignite_ReactJS_2022\01-Fundamentos_ReactJs\01-desafio\src\components\Header\styles.ts">
        <metrics statements="2" coveredstatements="2" conditionals="0" coveredconditionals="0" methods="1" coveredmethods="1"/>
        <line num="3" count="3" type="stmt"/>
        <line num="6" count="4" type="stmt"/>
      </file>
    </package>
    <package name="src.components.Input">
      <metrics statements="7" coveredstatements="7" conditionals="0" coveredconditionals="0" methods="4" coveredmethods="4"/>
      <file name="index.tsx" path="C:\Users\bruna.duarte\Documents\Cursos\Ignite_ReactJS_2022\01-Fundamentos_ReactJs\01-desafio\src\components\Input\index.tsx">
        <metrics statements="3" coveredstatements="3" conditionals="0" coveredconditionals="0" methods="1" coveredmethods="1"/>
        <line num="6" count="3" type="stmt"/>
        <line num="8" count="6" type="stmt"/>
        <line num="12" count="3" type="stmt"/>
      </file>
      <file name="styles.ts" path="C:\Users\bruna.duarte\Documents\Cursos\Ignite_ReactJS_2022\01-Fundamentos_ReactJs\01-desafio\src\components\Input\styles.ts">
        <metrics statements="4" coveredstatements="4" conditionals="0" coveredconditionals="0" methods="3" coveredmethods="3"/>
        <line num="3" count="3" type="stmt"/>
        <line num="4" count="6" type="stmt"/>
        <line num="6" count="6" type="stmt"/>
        <line num="12" count="6" type="stmt"/>
      </file>
    </package>
    <package name="src.interfaces">
      <metrics statements="0" coveredstatements="0" conditionals="0" coveredconditionals="0" methods="0" coveredmethods="0"/>
      <file name="index.ts" path="C:\Users\bruna.duarte\Documents\Cursos\Ignite_ReactJS_2022\01-Fundamentos_ReactJs\01-desafio\src\interfaces\index.ts">
        <metrics statements="0" coveredstatements="0" conditionals="0" coveredconditionals="0" methods="0" coveredmethods="0"/>
      </file>
    </package>
    <package name="src.pages.Home">
      <metrics statements="3" coveredstatements="3" conditionals="0" coveredconditionals="0" methods="1" coveredmethods="1"/>
      <file name="index.tsx" path="C:\Users\bruna.duarte\Documents\Cursos\Ignite_ReactJS_2022\01-Fundamentos_ReactJs\01-desafio\src\pages\Home\index.tsx">
        <metrics statements="2" coveredstatements="2" conditionals="0" coveredconditionals="0" methods="1" coveredmethods="1"/>
        <line num="5" count="1" type="stmt"/>
        <line num="6" count="1" type="stmt"/>
      </file>
      <file name="styles.ts" path="C:\Users\bruna.duarte\Documents\Cursos\Ignite_ReactJS_2022\01-Fundamentos_ReactJs\01-desafio\src\pages\Home\styles.ts">
        <metrics statements="1" coveredstatements="1" conditionals="0" coveredconditionals="0" methods="0" coveredmethods="0"/>
        <line num="3" count="1" type="stmt"/>
      </file>
    </package>
    <package name="src.pages.Home.components.AccountTask">
      <metrics statements="10" coveredstatements="10" conditionals="0" coveredconditionals="0" methods="6" coveredmethods="6"/>
      <file name="index.tsx" path="C:\Users\bruna.duarte\Documents\Cursos\Ignite_ReactJS_2022\01-Fundamentos_ReactJs\01-desafio\src\pages\Home\components\AccountTask\index.tsx">
        <metrics statements="4" coveredstatements="4" conditionals="0" coveredconditionals="0" methods="2" coveredmethods="2"/>
        <line num="7" count="3" type="stmt"/>
        <line num="8" count="6" type="stmt"/>
        <line num="9" count="6" type="stmt"/>
        <line num="11" count="6" type="stmt"/>
      </file>
      <file name="styles.ts" path="C:\Users\bruna.duarte\Documents\Cursos\Ignite_ReactJS_2022\01-Fundamentos_ReactJs\01-desafio\src\pages\Home\components\AccountTask\styles.ts">
        <metrics statements="6" coveredstatements="6" conditionals="0" coveredconditionals="0" methods="4" coveredmethods="4"/>
        <line num="7" count="3" type="stmt"/>
        <line num="13" count="3" type="stmt"/>
        <line num="14" count="12" type="stmt"/>
        <line num="15" count="12" type="stmt"/>
        <line num="28" count="12" type="stmt"/>
        <line num="30" count="12" type="stmt"/>
      </file>
    </package>
    <package name="src.pages.Home.components.FormCreateTask">
      <metrics statements="28" coveredstatements="18" conditionals="8" coveredconditionals="1" methods="14" coveredmethods="8"/>
      <file name="index.tsx" path="C:\Users\bruna.duarte\Documents\Cursos\Ignite_ReactJS_2022\01-Fundamentos_ReactJs\01-desafio\src\pages\Home\components\FormCreateTask\index.tsx">
        <metrics statements="18" coveredstatements="8" conditionals="8" coveredconditionals="1" methods="7" coveredmethods="1"/>
        <line num="22" count="2" type="stmt"/>
        <line num="23" count="4" type="stmt"/>
        <line num="24" count="4" type="stmt"/>
        <line num="26" count="4" type="stmt"/>
        <line num="27" count="0" type="stmt"/>
        <line num="28" count="0" type="stmt"/>
        <line num="30" count="4" type="stmt"/>
        <line num="31" count="0" type="stmt"/>
        <line num="32" count="0" type="cond" truecount="0" falsecount="2"/>
        <line num="33" count="0" type="stmt"/>
        <line num="34" count="0" type="cond" truecount="0" falsecount="4"/>
        <line num="35" count="0" type="stmt"/>
        <line num="37" count="4" type="stmt"/>
        <line num="38" count="0" type="stmt"/>
        <line num="41" count="4" type="stmt"/>
        <line num="42" count="0" type="stmt"/>
        <line num="45" count="4" type="stmt"/>
        <line num="59" count="0" type="stmt"/>
      </file>
      <file name="rules.ts" path="C:\Users\bruna.duarte\Documents\Cursos\Ignite_ReactJS_2022\01-Fundamentos_ReactJs\01-desafio\src\pages\Home\components\FormCreateTask\rules.ts">
        <metrics statements="4" coveredstatements="4" conditionals="0" coveredconditionals="0" methods="4" coveredmethods="4"/>
        <line num="4" count="3" type="stmt"/>
        <line num="9" count="3" type="stmt"/>
        <line num="14" count="3" type="stmt"/>
        <line num="18" count="3" type="stmt"/>
      </file>
      <file name="styles.ts" path="C:\Users\bruna.duarte\Documents\Cursos\Ignite_ReactJS_2022\01-Fundamentos_ReactJs\01-desafio\src\pages\Home\components\FormCreateTask\styles.ts">
        <metrics statements="6" coveredstatements="6" conditionals="0" coveredconditionals="0" methods="3" coveredmethods="3"/>
        <line num="3" count="2" type="stmt"/>
        <line num="22" count="2" type="stmt"/>
        <line num="23" count="4" type="stmt"/>
        <line num="31" count="2" type="stmt"/>
        <line num="39" count="4" type="stmt"/>
        <line num="40" count="4" type="stmt"/>
      </file>
    </package>
    <package name="src.pages.Home.components.Tasks">
      <metrics statements="24" coveredstatements="19" conditionals="4" coveredconditionals="2" methods="15" coveredmethods="10"/>
      <file name="index.tsx" path="C:\Users\bruna.duarte\Documents\Cursos\Ignite_ReactJS_2022\01-Fundamentos_ReactJs\01-desafio\src\pages\Home\components\Tasks\index.tsx">
        <metrics statements="8" coveredstatements="3" conditionals="4" coveredconditionals="2" methods="6" coveredmethods="1"/>
        <line num="20" count="3" type="stmt"/>
        <line num="26" count="1" type="stmt"/>
        <line num="27" count="0" type="stmt"/>
        <line num="30" count="1" type="stmt"/>
        <line num="39" count="0" type="stmt"/>
        <line num="45" count="0" type="stmt"/>
        <line num="60" count="0" type="stmt"/>
        <line num="64" count="0" type="stmt"/>
      </file>
      <file name="styles.ts" path="C:\Users\bruna.duarte\Documents\Cursos\Ignite_ReactJS_2022\01-Fundamentos_ReactJs\01-desafio\src\pages\Home\components\Tasks\styles.ts">
        <metrics statements="16" coveredstatements="16" conditionals="0" coveredconditionals="0" methods="9" coveredmethods="9"/>
        <line num="3" count="3" type="stmt"/>
        <line num="8" count="1" type="stmt"/>
        <line num="14" count="1" type="stmt"/>
        <line num="18" count="1" type="stmt"/>
        <line num="25" count="1" type="stmt"/>
        <line num="27" count="1" type="stmt"/>
        <line num="30" count="1" type="stmt"/>
        <line num="36" count="3" type="stmt"/>
        <line num="43" count="3" type="stmt"/>
        <line num="49" count="3" type="stmt"/>
        <line num="54" count="3" type="stmt"/>
        <line num="60" count="3" type="stmt"/>
        <line num="73" count="2" type="stmt"/>
        <line num="76" count="2" type="stmt"/>
        <line num="80" count="2" type="stmt"/>
        <line num="84" count="3" type="stmt"/>
      </file>
    </package>
    <package name="src.reducers">
      <metrics statements="14" coveredstatements="1" conditionals="9" coveredconditionals="0" methods="4" coveredmethods="0"/>
      <file name="taskList.ts" path="C:\Users\bruna.duarte\Documents\Cursos\Ignite_ReactJS_2022\01-Fundamentos_ReactJs\01-desafio\src\reducers\taskList.ts">
        <metrics statements="14" coveredstatements="1" conditionals="9" coveredconditionals="0" methods="4" coveredmethods="0"/>
        <line num="4" count="2" type="stmt"/>
        <line num="5" count="0" type="cond" truecount="0" falsecount="5"/>
        <line num="7" count="0" type="stmt"/>
        <line num="17" count="0" type="stmt"/>
        <line num="18" count="0" type="cond" truecount="0" falsecount="2"/>
        <line num="19" count="0" type="stmt"/>
        <line num="21" count="0" type="stmt"/>
        <line num="25" count="0" type="stmt"/>
        <line num="26" count="0" type="cond" truecount="0" falsecount="2"/>
        <line num="27" count="0" type="stmt"/>
        <line num="29" count="0" type="stmt"/>
        <line num="33" count="0" type="stmt"/>
        <line num="34" count="0" type="stmt"/>
        <line num="38" count="0" type="stmt"/>
      </file>
    </package>
    <package name="src.styles">
      <metrics statements="6" coveredstatements="0" conditionals="0" coveredconditionals="0" methods="5" coveredmethods="0"/>
      <file name="global.ts" path="C:\Users\bruna.duarte\Documents\Cursos\Ignite_ReactJS_2022\01-Fundamentos_ReactJs\01-desafio\src\styles\global.ts">
        <metrics statements="6" coveredstatements="0" conditionals="0" coveredconditionals="0" methods="5" coveredmethods="0"/>
        <line num="3" count="0" type="stmt"/>
        <line num="12" count="0" type="stmt"/>
        <line num="16" count="0" type="stmt"/>
        <line num="17" count="0" type="stmt"/>
        <line num="27" count="0" type="stmt"/>
        <line num="43" count="0" type="stmt"/>
      </file>
    </package>
    <package name="src.styles.themes">
      <metrics statements="1" coveredstatements="1" conditionals="0" coveredconditionals="0" methods="0" coveredmethods="0"/>
      <file name="default.ts" path="C:\Users\bruna.duarte\Documents\Cursos\Ignite_ReactJS_2022\01-Fundamentos_ReactJs\01-desafio\src\styles\themes\default.ts">
        <metrics statements="1" coveredstatements="1" conditionals="0" coveredconditionals="0" methods="0" coveredmethods="0"/>
        <line num="1" count="8" type="stmt"/>
      </file>
    </package>
  </project>
</coverage>
