{"C:\\Users\\bruna.duarte\\Documents\\Cursos\\Ignite_ReactJS_2022\\01-Fundamentos_ReactJs\\01-desafio\\src\\App.tsx": {"path":"C:\\Users\\bruna.duarte\\Documents\\Cursos\\Ignite_ReactJS_2022\\01-Fundamentos_ReactJs\\01-desafio\\src\\App.tsx","statementMap":{"0":{"start":{"line":7,"column":2},"end":{"line":12,"column":3}}},"fnMap":{"0":{"name":"App","decl":{"start":{"line":6,"column":9},"end":{"line":6,"column":12}},"loc":{"start":{"line":6,"column":15},"end":{"line":13,"column":1}},"line":6}},"branchMap":{},"s":{"0":0},"f":{"0":0},"b":{}}
,"C:\\Users\\bruna.duarte\\Documents\\Cursos\\Ignite_ReactJS_2022\\01-Fundamentos_ReactJs\\01-desafio\\src\\main.tsx": {"path":"C:\\Users\\bruna.duarte\\Documents\\Cursos\\Ignite_ReactJS_2022\\01-Fundamentos_ReactJs\\01-desafio\\src\\main.tsx","statementMap":{"0":{"start":{"line":5,"column":0},"end":{"line":9,"column":1}}},"fnMap":{},"branchMap":{},"s":{"0":0},"f":{},"b":{}}
,"C:\\Users\\bruna.duarte\\Documents\\Cursos\\Ignite_ReactJS_2022\\01-Fundamentos_ReactJs\\01-desafio\\src\\vite-env.d.ts": {"path":"C:\\Users\\bruna.duarte\\Documents\\Cursos\\Ignite_ReactJS_2022\\01-Fundamentos_ReactJs\\01-desafio\\src\\vite-env.d.ts","statementMap":{},"fnMap":{},"branchMap":{},"s":{},"f":{},"b":{}}
,"C:\\Users\\bruna.duarte\\Documents\\Cursos\\Ignite_ReactJS_2022\\01-Fundamentos_ReactJs\\01-desafio\\src\\@types\\list.ts": {"path":"C:\\Users\\bruna.duarte\\Documents\\Cursos\\Ignite_ReactJS_2022\\01-Fundamentos_ReactJs\\01-desafio\\src\\@types\\list.ts","statementMap":{},"fnMap":{},"branchMap":{},"s":{},"f":{},"b":{}}
,"C:\\Users\\bruna.duarte\\Documents\\Cursos\\Ignite_ReactJS_2022\\01-Fundamentos_ReactJs\\01-desafio\\src\\@types\\styles.d.ts": {"path":"C:\\Users\\bruna.duarte\\Documents\\Cursos\\Ignite_ReactJS_2022\\01-Fundamentos_ReactJs\\01-desafio\\src\\@types\\styles.d.ts","statementMap":{},"fnMap":{},"branchMap":{},"s":{},"f":{},"b":{}}
,"C:\\Users\\bruna.duarte\\Documents\\Cursos\\Ignite_ReactJS_2022\\01-Fundamentos_ReactJs\\01-desafio\\src\\components\\Button\\index.tsx": {"path":"C:\\Users\\bruna.duarte\\Documents\\Cursos\\Ignite_ReactJS_2022\\01-Fundamentos_ReactJs\\01-desafio\\src\\components\\Button\\index.tsx","statementMap":{"0":{"start":{"line":9,"column":2},"end":{"line":14,"column":3}}},"fnMap":{"0":{"name":"Button","decl":{"start":{"line":8,"column":24},"end":{"line":8,"column":30}},"loc":{"start":{"line":8,"column":71},"end":{"line":15,"column":1}},"line":8}},"branchMap":{},"s":{"0":6},"f":{"0":6},"b":{},"_coverageSchema":"1a1c01bbd47fc00a2c39e90264f33305004495a9","hash":"64d7b6bb7d394b29df74468948f785d7d5891421"}
,"C:\\Users\\bruna.duarte\\Documents\\Cursos\\Ignite_ReactJS_2022\\01-Fundamentos_ReactJs\\01-desafio\\src\\components\\Button\\styles.ts": {"path":"C:\\Users\\bruna.duarte\\Documents\\Cursos\\Ignite_ReactJS_2022\\01-Fundamentos_ReactJs\\01-desafio\\src\\components\\Button\\styles.ts","statementMap":{"0":{"start":{"line":3,"column":31},"end":{"line":23,"column":1}},"1":{"start":{"line":8,"column":26},"end":{"line":8,"column":55}},"2":{"start":{"line":12,"column":31},"end":{"line":12,"column":56}},"3":{"start":{"line":21,"column":33},"end":{"line":21,"column":50}}},"fnMap":{"0":{"name":"(anonymous_0)","decl":{"start":{"line":8,"column":11},"end":{"line":8,"column":12}},"loc":{"start":{"line":8,"column":26},"end":{"line":8,"column":55}},"line":8},"1":{"name":"(anonymous_1)","decl":{"start":{"line":12,"column":16},"end":{"line":12,"column":17}},"loc":{"start":{"line":12,"column":31},"end":{"line":12,"column":56}},"line":12},"2":{"name":"(anonymous_2)","decl":{"start":{"line":21,"column":18},"end":{"line":21,"column":19}},"loc":{"start":{"line":21,"column":33},"end":{"line":21,"column":50}},"line":21}},"branchMap":{},"s":{"0":3,"1":6,"2":6,"3":6},"f":{"0":6,"1":6,"2":6},"b":{},"_coverageSchema":"1a1c01bbd47fc00a2c39e90264f33305004495a9","hash":"ac1d2e8db088f0c5e7cee4489ba20bcb24811106"}
,"C:\\Users\\bruna.duarte\\Documents\\Cursos\\Ignite_ReactJS_2022\\01-Fundamentos_ReactJs\\01-desafio\\src\\components\\Header\\index.tsx": {"path":"C:\\Users\\bruna.duarte\\Documents\\Cursos\\Ignite_ReactJS_2022\\01-Fundamentos_ReactJs\\01-desafio\\src\\components\\Header\\index.tsx","statementMap":{"0":{"start":{"line":3,"column":22},"end":{"line":9,"column":1}},"1":{"start":{"line":4,"column":2},"end":{"line":8,"column":3}}},"fnMap":{"0":{"name":"(anonymous_0)","decl":{"start":{"line":3,"column":22},"end":{"line":3,"column":23}},"loc":{"start":{"line":3,"column":28},"end":{"line":9,"column":1}},"line":3}},"branchMap":{},"s":{"0":3,"1":4},"f":{"0":4},"b":{},"_coverageSchema":"1a1c01bbd47fc00a2c39e90264f33305004495a9","hash":"7ffd6d509a1d6a3091e7a67700267affd343f188"}
,"C:\\Users\\bruna.duarte\\Documents\\Cursos\\Ignite_ReactJS_2022\\01-Fundamentos_ReactJs\\01-desafio\\src\\components\\Header\\styles.ts": {"path":"C:\\Users\\bruna.duarte\\Documents\\Cursos\\Ignite_ReactJS_2022\\01-Fundamentos_ReactJs\\01-desafio\\src\\components\\Header\\styles.ts","statementMap":{"0":{"start":{"line":3,"column":31},"end":{"line":17,"column":1}},"1":{"start":{"line":6,"column":31},"end":{"line":6,"column":60}}},"fnMap":{"0":{"name":"(anonymous_0)","decl":{"start":{"line":6,"column":16},"end":{"line":6,"column":17}},"loc":{"start":{"line":6,"column":31},"end":{"line":6,"column":60}},"line":6}},"branchMap":{},"s":{"0":3,"1":4},"f":{"0":4},"b":{},"_coverageSchema":"1a1c01bbd47fc00a2c39e90264f33305004495a9","hash":"d98605df22021930462a2efc3d5a31c9ac8fd714"}
,"C:\\Users\\bruna.duarte\\Documents\\Cursos\\Ignite_ReactJS_2022\\01-Fundamentos_ReactJs\\01-desafio\\src\\components\\Input\\index.tsx": {"path":"C:\\Users\\bruna.duarte\\Documents\\Cursos\\Ignite_ReactJS_2022\\01-Fundamentos_ReactJs\\01-desafio\\src\\components\\Input\\index.tsx","statementMap":{"0":{"start":{"line":6,"column":21},"end":{"line":10,"column":1}},"1":{"start":{"line":8,"column":4},"end":{"line":8,"column":50}},"2":{"start":{"line":12,"column":0},"end":{"line":12,"column":27}}},"fnMap":{"0":{"name":"(anonymous_0)","decl":{"start":{"line":7,"column":2},"end":{"line":7,"column":3}},"loc":{"start":{"line":7,"column":25},"end":{"line":9,"column":3}},"line":7}},"branchMap":{},"s":{"0":3,"1":6,"2":3},"f":{"0":6},"b":{},"_coverageSchema":"1a1c01bbd47fc00a2c39e90264f33305004495a9","hash":"a2610ea98bbb5409a05d100c7fd2a68ba0262b91"}
,"C:\\Users\\bruna.duarte\\Documents\\Cursos\\Ignite_ReactJS_2022\\01-Fundamentos_ReactJs\\01-desafio\\src\\components\\Input\\styles.ts": {"path":"C:\\Users\\bruna.duarte\\Documents\\Cursos\\Ignite_ReactJS_2022\\01-Fundamentos_ReactJs\\01-desafio\\src\\components\\Input\\styles.ts","statementMap":{"0":{"start":{"line":3,"column":30},"end":{"line":21,"column":1}},"1":{"start":{"line":4,"column":26},"end":{"line":4,"column":55}},"2":{"start":{"line":6,"column":31},"end":{"line":6,"column":60}},"3":{"start":{"line":12,"column":28},"end":{"line":12,"column":57}}},"fnMap":{"0":{"name":"(anonymous_0)","decl":{"start":{"line":4,"column":11},"end":{"line":4,"column":12}},"loc":{"start":{"line":4,"column":26},"end":{"line":4,"column":55}},"line":4},"1":{"name":"(anonymous_1)","decl":{"start":{"line":6,"column":16},"end":{"line":6,"column":17}},"loc":{"start":{"line":6,"column":31},"end":{"line":6,"column":60}},"line":6},"2":{"name":"(anonymous_2)","decl":{"start":{"line":12,"column":13},"end":{"line":12,"column":14}},"loc":{"start":{"line":12,"column":28},"end":{"line":12,"column":57}},"line":12}},"branchMap":{},"s":{"0":3,"1":6,"2":6,"3":6},"f":{"0":6,"1":6,"2":6},"b":{},"_coverageSchema":"1a1c01bbd47fc00a2c39e90264f33305004495a9","hash":"15a0cd64dcc79677a0e2b0e65d64bfacd619be5f"}
,"C:\\Users\\bruna.duarte\\Documents\\Cursos\\Ignite_ReactJS_2022\\01-Fundamentos_ReactJs\\01-desafio\\src\\interfaces\\index.ts": {"path":"C:\\Users\\bruna.duarte\\Documents\\Cursos\\Ignite_ReactJS_2022\\01-Fundamentos_ReactJs\\01-desafio\\src\\interfaces\\index.ts","statementMap":{},"fnMap":{},"branchMap":{},"s":{},"f":{},"b":{}}
,"C:\\Users\\bruna.duarte\\Documents\\Cursos\\Ignite_ReactJS_2022\\01-Fundamentos_ReactJs\\01-desafio\\src\\pages\\Home\\index.tsx": {"path":"C:\\Users\\bruna.duarte\\Documents\\Cursos\\Ignite_ReactJS_2022\\01-Fundamentos_ReactJs\\01-desafio\\src\\pages\\Home\\index.tsx","statementMap":{"0":{"start":{"line":5,"column":20},"end":{"line":12,"column":1}},"1":{"start":{"line":6,"column":2},"end":{"line":11,"column":3}}},"fnMap":{"0":{"name":"(anonymous_0)","decl":{"start":{"line":5,"column":20},"end":{"line":5,"column":21}},"loc":{"start":{"line":5,"column":26},"end":{"line":12,"column":1}},"line":5}},"branchMap":{},"s":{"0":1,"1":1},"f":{"0":1},"b":{},"_coverageSchema":"1a1c01bbd47fc00a2c39e90264f33305004495a9","hash":"7db6c5ad7c58bd180282cd9b9bf95b6461f52499"}
,"C:\\Users\\bruna.duarte\\Documents\\Cursos\\Ignite_ReactJS_2022\\01-Fundamentos_ReactJs\\01-desafio\\src\\pages\\Home\\styles.ts": {"path":"C:\\Users\\bruna.duarte\\Documents\\Cursos\\Ignite_ReactJS_2022\\01-Fundamentos_ReactJs\\01-desafio\\src\\pages\\Home\\styles.ts","statementMap":{"0":{"start":{"line":3,"column":29},"end":{"line":6,"column":1}}},"fnMap":{},"branchMap":{},"s":{"0":1},"f":{},"b":{},"_coverageSchema":"1a1c01bbd47fc00a2c39e90264f33305004495a9","hash":"d5584ab5905c712d5083ddbdf7835d58fd582cf2"}
,"C:\\Users\\bruna.duarte\\Documents\\Cursos\\Ignite_ReactJS_2022\\01-Fundamentos_ReactJs\\01-desafio\\src\\pages\\Home\\components\\AccountTask\\index.tsx": {"path":"C:\\Users\\bruna.duarte\\Documents\\Cursos\\Ignite_ReactJS_2022\\01-Fundamentos_ReactJs\\01-desafio\\src\\pages\\Home\\components\\AccountTask\\index.tsx","statementMap":{"0":{"start":{"line":7,"column":27},"end":{"line":28,"column":1}},"1":{"start":{"line":8,"column":16},"end":{"line":10,"column":4}},"2":{"start":{"line":9,"column":4},"end":{"line":9,"column":20}},"3":{"start":{"line":11,"column":2},"end":{"line":27,"column":3}}},"fnMap":{"0":{"name":"(anonymous_0)","decl":{"start":{"line":7,"column":27},"end":{"line":7,"column":28}},"loc":{"start":{"line":7,"column":49},"end":{"line":28,"column":1}},"line":7},"1":{"name":"(anonymous_1)","decl":{"start":{"line":8,"column":29},"end":{"line":8,"column":30}},"loc":{"start":{"line":8,"column":39},"end":{"line":10,"column":3}},"line":8}},"branchMap":{},"s":{"0":3,"1":6,"2":6,"3":6},"f":{"0":6,"1":6},"b":{},"_coverageSchema":"1a1c01bbd47fc00a2c39e90264f33305004495a9","hash":"8ba13263d8cbb16849325187ecdd9f5a2acc55bd"}
,"C:\\Users\\bruna.duarte\\Documents\\Cursos\\Ignite_ReactJS_2022\\01-Fundamentos_ReactJs\\01-desafio\\src\\pages\\Home\\components\\AccountTask\\styles.ts": {"path":"C:\\Users\\bruna.duarte\\Documents\\Cursos\\Ignite_ReactJS_2022\\01-Fundamentos_ReactJs\\01-desafio\\src\\pages\\Home\\components\\AccountTask\\styles.ts","statementMap":{"0":{"start":{"line":7,"column":36},"end":{"line":11,"column":1}},"1":{"start":{"line":13,"column":32},"end":{"line":33,"column":1}},"2":{"start":{"line":14,"column":35},"end":{"line":14,"column":61}},"3":{"start":{"line":15,"column":30},"end":{"line":15,"column":46}},"4":{"start":{"line":28,"column":33},"end":{"line":28,"column":62}},"5":{"start":{"line":30,"column":28},"end":{"line":30,"column":57}}},"fnMap":{"0":{"name":"(anonymous_0)","decl":{"start":{"line":14,"column":11},"end":{"line":14,"column":12}},"loc":{"start":{"line":14,"column":35},"end":{"line":14,"column":61}},"line":14},"1":{"name":"(anonymous_1)","decl":{"start":{"line":15,"column":15},"end":{"line":15,"column":16}},"loc":{"start":{"line":15,"column":30},"end":{"line":15,"column":46}},"line":15},"2":{"name":"(anonymous_2)","decl":{"start":{"line":28,"column":18},"end":{"line":28,"column":19}},"loc":{"start":{"line":28,"column":33},"end":{"line":28,"column":62}},"line":28},"3":{"name":"(anonymous_3)","decl":{"start":{"line":30,"column":13},"end":{"line":30,"column":14}},"loc":{"start":{"line":30,"column":28},"end":{"line":30,"column":57}},"line":30}},"branchMap":{},"s":{"0":3,"1":3,"2":12,"3":12,"4":12,"5":12},"f":{"0":12,"1":12,"2":12,"3":12},"b":{},"_coverageSchema":"1a1c01bbd47fc00a2c39e90264f33305004495a9","hash":"b5df25f8ec4df45a0d2091df93c1dd2e1196d147"}
,"C:\\Users\\bruna.duarte\\Documents\\Cursos\\Ignite_ReactJS_2022\\01-Fundamentos_ReactJs\\01-desafio\\src\\pages\\Home\\components\\FormCreateTask\\index.tsx": {"path":"C:\\Users\\bruna.duarte\\Documents\\Cursos\\Ignite_ReactJS_2022\\01-Fundamentos_ReactJs\\01-desafio\\src\\pages\\Home\\components\\FormCreateTask\\index.tsx","statementMap":{"0":{"start":{"line":22,"column":30},"end":{"line":80,"column":1}},"1":{"start":{"line":23,"column":44},"end":{"line":23,"column":60}},"2":{"start":{"line":24,"column":28},"end":{"line":24,"column":55}},"3":{"start":{"line":26,"column":49},"end":{"line":29,"column":3}},"4":{"start":{"line":27,"column":4},"end":{"line":27,"column":36}},"5":{"start":{"line":28,"column":4},"end":{"line":28,"column":11}},"6":{"start":{"line":30,"column":26},"end":{"line":36,"column":3}},"7":{"start":{"line":31,"column":17},"end":{"line":31,"column":53}},"8":{"start":{"line":31,"column":38},"end":{"line":31,"column":52}},"9":{"start":{"line":32,"column":4},"end":{"line":32,"column":27}},"10":{"start":{"line":32,"column":15},"end":{"line":32,"column":27}},"11":{"start":{"line":33,"column":20},"end":{"line":33,"column":61}},"12":{"start":{"line":34,"column":4},"end":{"line":34,"column":48}},"13":{"start":{"line":34,"column":36},"end":{"line":34,"column":48}},"14":{"start":{"line":35,"column":4},"end":{"line":35,"column":42}},"15":{"start":{"line":37,"column":32},"end":{"line":39,"column":3}},"16":{"start":{"line":38,"column":4},"end":{"line":38,"column":34}},"17":{"start":{"line":41,"column":28},"end":{"line":43,"column":3}},"18":{"start":{"line":42,"column":4},"end":{"line":42,"column":34}},"19":{"start":{"line":45,"column":2},"end":{"line":79,"column":3}},"20":{"start":{"line":59,"column":10},"end":{"line":67,"column":11}}},"fnMap":{"0":{"name":"(anonymous_0)","decl":{"start":{"line":22,"column":30},"end":{"line":22,"column":31}},"loc":{"start":{"line":22,"column":36},"end":{"line":80,"column":1}},"line":22},"1":{"name":"(anonymous_1)","decl":{"start":{"line":26,"column":49},"end":{"line":26,"column":50}},"loc":{"start":{"line":26,"column":59},"end":{"line":29,"column":3}},"line":26},"2":{"name":"(anonymous_2)","decl":{"start":{"line":30,"column":26},"end":{"line":30,"column":27}},"loc":{"start":{"line":30,"column":59},"end":{"line":36,"column":3}},"line":30},"3":{"name":"(anonymous_3)","decl":{"start":{"line":31,"column":28},"end":{"line":31,"column":29}},"loc":{"start":{"line":31,"column":38},"end":{"line":31,"column":52}},"line":31},"4":{"name":"(anonymous_4)","decl":{"start":{"line":37,"column":32},"end":{"line":37,"column":33}},"loc":{"start":{"line":37,"column":48},"end":{"line":39,"column":3}},"line":37},"5":{"name":"(anonymous_5)","decl":{"start":{"line":41,"column":28},"end":{"line":41,"column":29}},"loc":{"start":{"line":41,"column":44},"end":{"line":43,"column":3}},"line":41},"6":{"name":"(anonymous_6)","decl":{"start":{"line":58,"column":18},"end":{"line":58,"column":19}},"loc":{"start":{"line":58,"column":28},"end":{"line":68,"column":9}},"line":58}},"branchMap":{"0":{"loc":{"start":{"line":32,"column":4},"end":{"line":32,"column":27}},"type":"if","locations":[{"start":{"line":32,"column":4},"end":{"line":32,"column":27}},{"start":{},"end":{}}],"line":32},"1":{"loc":{"start":{"line":34,"column":4},"end":{"line":34,"column":48}},"type":"if","locations":[{"start":{"line":34,"column":4},"end":{"line":34,"column":48}},{"start":{},"end":{}}],"line":34},"2":{"loc":{"start":{"line":34,"column":8},"end":{"line":34,"column":34}},"type":"binary-expr","locations":[{"start":{"line":34,"column":8},"end":{"line":34,"column":16}},{"start":{"line":34,"column":20},"end":{"line":34,"column":34}}],"line":34},"3":{"loc":{"start":{"line":57,"column":7},"end":{"line":77,"column":7}},"type":"cond-expr","locations":[{"start":{"line":58,"column":8},"end":{"line":68,"column":10}},{"start":{"line":70,"column":8},"end":{"line":76,"column":26}}],"line":57}},"s":{"0":2,"1":4,"2":4,"3":4,"4":0,"5":0,"6":4,"7":0,"8":0,"9":0,"10":0,"11":0,"12":0,"13":0,"14":0,"15":4,"16":0,"17":4,"18":0,"19":4,"20":0},"f":{"0":4,"1":0,"2":0,"3":0,"4":0,"5":0,"6":0},"b":{"0":[0,0],"1":[0,0],"2":[0,0],"3":[0,4]},"_coverageSchema":"1a1c01bbd47fc00a2c39e90264f33305004495a9","hash":"44285e0b7a3ce1a494032643d4dc435fa53573b1"}
,"C:\\Users\\bruna.duarte\\Documents\\Cursos\\Ignite_ReactJS_2022\\01-Fundamentos_ReactJs\\01-desafio\\src\\pages\\Home\\components\\FormCreateTask\\rules.ts": {"path":"C:\\Users\\bruna.duarte\\Documents\\Cursos\\Ignite_ReactJS_2022\\01-Fundamentos_ReactJs\\01-desafio\\src\\pages\\Home\\components\\FormCreateTask\\rules.ts","statementMap":{"0":{"start":{"line":4,"column":32},"end":{"line":7,"column":2}},"1":{"start":{"line":4,"column":63},"end":{"line":7,"column":1}},"2":{"start":{"line":9,"column":32},"end":{"line":12,"column":2}},"3":{"start":{"line":9,"column":62},"end":{"line":12,"column":1}},"4":{"start":{"line":14,"column":31},"end":{"line":17,"column":2}},"5":{"start":{"line":14,"column":78},"end":{"line":17,"column":1}},"6":{"start":{"line":18,"column":32},"end":{"line":21,"column":2}},"7":{"start":{"line":18,"column":62},"end":{"line":21,"column":1}}},"fnMap":{"0":{"name":"(anonymous_0)","decl":{"start":{"line":4,"column":32},"end":{"line":4,"column":33}},"loc":{"start":{"line":4,"column":63},"end":{"line":7,"column":1}},"line":4},"1":{"name":"(anonymous_1)","decl":{"start":{"line":9,"column":32},"end":{"line":9,"column":33}},"loc":{"start":{"line":9,"column":62},"end":{"line":12,"column":1}},"line":9},"2":{"name":"(anonymous_2)","decl":{"start":{"line":14,"column":31},"end":{"line":14,"column":32}},"loc":{"start":{"line":14,"column":78},"end":{"line":17,"column":1}},"line":14},"3":{"name":"(anonymous_3)","decl":{"start":{"line":18,"column":32},"end":{"line":18,"column":33}},"loc":{"start":{"line":18,"column":62},"end":{"line":21,"column":1}},"line":18}},"branchMap":{},"s":{"0":3,"1":1,"2":3,"3":1,"4":3,"5":1,"6":3,"7":1},"f":{"0":1,"1":1,"2":1,"3":1},"b":{},"_coverageSchema":"1a1c01bbd47fc00a2c39e90264f33305004495a9","hash":"04a12763b551879bcc1701cd01a3ac1d6cc0ea3f"}
,"C:\\Users\\bruna.duarte\\Documents\\Cursos\\Ignite_ReactJS_2022\\01-Fundamentos_ReactJs\\01-desafio\\src\\pages\\Home\\components\\FormCreateTask\\styles.ts": {"path":"C:\\Users\\bruna.duarte\\Documents\\Cursos\\Ignite_ReactJS_2022\\01-Fundamentos_ReactJs\\01-desafio\\src\\pages\\Home\\components\\FormCreateTask\\styles.ts","statementMap":{"0":{"start":{"line":3,"column":39},"end":{"line":20,"column":1}},"1":{"start":{"line":22,"column":31},"end":{"line":29,"column":1}},"2":{"start":{"line":23,"column":41},"end":{"line":23,"column":70}},"3":{"start":{"line":31,"column":38},"end":{"line":58,"column":1}},"4":{"start":{"line":39,"column":28},"end":{"line":39,"column":57}},"5":{"start":{"line":40,"column":32},"end":{"line":40,"column":49}}},"fnMap":{"0":{"name":"(anonymous_0)","decl":{"start":{"line":23,"column":26},"end":{"line":23,"column":27}},"loc":{"start":{"line":23,"column":41},"end":{"line":23,"column":70}},"line":23},"1":{"name":"(anonymous_1)","decl":{"start":{"line":39,"column":13},"end":{"line":39,"column":14}},"loc":{"start":{"line":39,"column":28},"end":{"line":39,"column":57}},"line":39},"2":{"name":"(anonymous_2)","decl":{"start":{"line":40,"column":17},"end":{"line":40,"column":18}},"loc":{"start":{"line":40,"column":32},"end":{"line":40,"column":49}},"line":40}},"branchMap":{},"s":{"0":2,"1":2,"2":4,"3":2,"4":4,"5":4},"f":{"0":4,"1":4,"2":4},"b":{},"_coverageSchema":"1a1c01bbd47fc00a2c39e90264f33305004495a9","hash":"8bd446aa7ef1b380b89c6aaeb50b755968cc73c9"}
,"C:\\Users\\bruna.duarte\\Documents\\Cursos\\Ignite_ReactJS_2022\\01-Fundamentos_ReactJs\\01-desafio\\src\\pages\\Home\\components\\Tasks\\index.tsx": {"path":"C:\\Users\\bruna.duarte\\Documents\\Cursos\\Ignite_ReactJS_2022\\01-Fundamentos_ReactJs\\01-desafio\\src\\pages\\Home\\components\\Tasks\\index.tsx","statementMap":{"0":{"start":{"line":20,"column":20},"end":{"line":71,"column":1}},"1":{"start":{"line":26,"column":27},"end":{"line":28,"column":3}},"2":{"start":{"line":27,"column":4},"end":{"line":27,"column":25}},"3":{"start":{"line":30,"column":2},"end":{"line":70,"column":3}},"4":{"start":{"line":39,"column":31},"end":{"line":39,"column":61}},"5":{"start":{"line":45,"column":33},"end":{"line":45,"column":63}},"6":{"start":{"line":60,"column":31},"end":{"line":60,"column":66}},"7":{"start":{"line":64,"column":49},"end":{"line":64,"column":74}}},"fnMap":{"0":{"name":"(anonymous_0)","decl":{"start":{"line":20,"column":20},"end":{"line":20,"column":21}},"loc":{"start":{"line":25,"column":24},"end":{"line":71,"column":1}},"line":25},"1":{"name":"(anonymous_1)","decl":{"start":{"line":26,"column":27},"end":{"line":26,"column":28}},"loc":{"start":{"line":26,"column":43},"end":{"line":28,"column":3}},"line":26},"2":{"name":"(anonymous_2)","decl":{"start":{"line":39,"column":25},"end":{"line":39,"column":26}},"loc":{"start":{"line":39,"column":31},"end":{"line":39,"column":61}},"line":39},"3":{"name":"(anonymous_3)","decl":{"start":{"line":45,"column":27},"end":{"line":45,"column":28}},"loc":{"start":{"line":45,"column":33},"end":{"line":45,"column":63}},"line":45},"4":{"name":"(anonymous_4)","decl":{"start":{"line":60,"column":25},"end":{"line":60,"column":26}},"loc":{"start":{"line":60,"column":31},"end":{"line":60,"column":66}},"line":60},"5":{"name":"(anonymous_5)","decl":{"start":{"line":64,"column":43},"end":{"line":64,"column":44}},"loc":{"start":{"line":64,"column":49},"end":{"line":64,"column":74}},"line":64}},"branchMap":{"0":{"loc":{"start":{"line":35,"column":13},"end":{"line":48,"column":13}},"type":"cond-expr","locations":[{"start":{"line":36,"column":14},"end":{"line":40,"column":16}},{"start":{"line":42,"column":14},"end":{"line":47,"column":20}}],"line":35},"1":{"loc":{"start":{"line":50,"column":28},"end":{"line":50,"column":61}},"type":"cond-expr","locations":[{"start":{"line":50,"column":40},"end":{"line":50,"column":54}},{"start":{"line":50,"column":57},"end":{"line":50,"column":61}}],"line":50}},"s":{"0":3,"1":1,"2":0,"3":1,"4":0,"5":0,"6":0,"7":0},"f":{"0":1,"1":0,"2":0,"3":0,"4":0,"5":0},"b":{"0":[1,0],"1":[0,1]},"_coverageSchema":"1a1c01bbd47fc00a2c39e90264f33305004495a9","hash":"c84cb959ab45a8a0a5ed603fdc396585511002c7"}
,"C:\\Users\\bruna.duarte\\Documents\\Cursos\\Ignite_ReactJS_2022\\01-Fundamentos_ReactJs\\01-desafio\\src\\pages\\Home\\components\\Tasks\\styles.ts": {"path":"C:\\Users\\bruna.duarte\\Documents\\Cursos\\Ignite_ReactJS_2022\\01-Fundamentos_ReactJs\\01-desafio\\src\\pages\\Home\\components\\Tasks\\styles.ts","statementMap":{"0":{"start":{"line":3,"column":30},"end":{"line":34,"column":1}},"1":{"start":{"line":8,"column":31},"end":{"line":8,"column":60}},"2":{"start":{"line":14,"column":28},"end":{"line":14,"column":45}},"3":{"start":{"line":18,"column":30},"end":{"line":18,"column":55}},"4":{"start":{"line":25,"column":35},"end":{"line":25,"column":62}},"5":{"start":{"line":27,"column":30},"end":{"line":27,"column":59}},"6":{"start":{"line":30,"column":37},"end":{"line":30,"column":56}},"7":{"start":{"line":36,"column":32},"end":{"line":41,"column":1}},"8":{"start":{"line":43,"column":35},"end":{"line":47,"column":1}},"9":{"start":{"line":49,"column":30},"end":{"line":52,"column":1}},"10":{"start":{"line":54,"column":36},"end":{"line":58,"column":1}},"11":{"start":{"line":60,"column":30},"end":{"line":83,"column":1}},"12":{"start":{"line":73,"column":28},"end":{"line":73,"column":57}},"13":{"start":{"line":76,"column":30},"end":{"line":76,"column":49}},"14":{"start":{"line":80,"column":33},"end":{"line":80,"column":62}},"15":{"start":{"line":84,"column":32},"end":{"line":93,"column":1}}},"fnMap":{"0":{"name":"(anonymous_0)","decl":{"start":{"line":8,"column":16},"end":{"line":8,"column":17}},"loc":{"start":{"line":8,"column":31},"end":{"line":8,"column":60}},"line":8},"1":{"name":"(anonymous_1)","decl":{"start":{"line":14,"column":13},"end":{"line":14,"column":14}},"loc":{"start":{"line":14,"column":28},"end":{"line":14,"column":45}},"line":14},"2":{"name":"(anonymous_2)","decl":{"start":{"line":18,"column":15},"end":{"line":18,"column":16}},"loc":{"start":{"line":18,"column":30},"end":{"line":18,"column":55}},"line":18},"3":{"name":"(anonymous_3)","decl":{"start":{"line":25,"column":20},"end":{"line":25,"column":21}},"loc":{"start":{"line":25,"column":35},"end":{"line":25,"column":62}},"line":25},"4":{"name":"(anonymous_4)","decl":{"start":{"line":27,"column":15},"end":{"line":27,"column":16}},"loc":{"start":{"line":27,"column":30},"end":{"line":27,"column":59}},"line":27},"5":{"name":"(anonymous_5)","decl":{"start":{"line":30,"column":22},"end":{"line":30,"column":23}},"loc":{"start":{"line":30,"column":37},"end":{"line":30,"column":56}},"line":30},"6":{"name":"(anonymous_6)","decl":{"start":{"line":73,"column":13},"end":{"line":73,"column":14}},"loc":{"start":{"line":73,"column":28},"end":{"line":73,"column":57}},"line":73},"7":{"name":"(anonymous_7)","decl":{"start":{"line":76,"column":15},"end":{"line":76,"column":16}},"loc":{"start":{"line":76,"column":30},"end":{"line":76,"column":49}},"line":76},"8":{"name":"(anonymous_8)","decl":{"start":{"line":80,"column":18},"end":{"line":80,"column":19}},"loc":{"start":{"line":80,"column":33},"end":{"line":80,"column":62}},"line":80}},"branchMap":{},"s":{"0":3,"1":1,"2":1,"3":1,"4":1,"5":1,"6":1,"7":3,"8":3,"9":3,"10":3,"11":3,"12":2,"13":2,"14":2,"15":3},"f":{"0":1,"1":1,"2":1,"3":1,"4":1,"5":1,"6":2,"7":2,"8":2},"b":{},"_coverageSchema":"1a1c01bbd47fc00a2c39e90264f33305004495a9","hash":"428418b5ae552038eb082158be4aee4bd2a84f4f"}
,"C:\\Users\\bruna.duarte\\Documents\\Cursos\\Ignite_ReactJS_2022\\01-Fundamentos_ReactJs\\01-desafio\\src\\reducers\\taskList.ts": {"path":"C:\\Users\\bruna.duarte\\Documents\\Cursos\\Ignite_ReactJS_2022\\01-Fundamentos_ReactJs\\01-desafio\\src\\reducers\\taskList.ts","statementMap":{"0":{"start":{"line":4,"column":27},"end":{"line":40,"column":1}},"1":{"start":{"line":5,"column":2},"end":{"line":39,"column":3}},"2":{"start":{"line":7,"column":6},"end":{"line":14,"column":7}},"3":{"start":{"line":17,"column":6},"end":{"line":22,"column":8}},"4":{"start":{"line":18,"column":8},"end":{"line":20,"column":9}},"5":{"start":{"line":19,"column":10},"end":{"line":19,"column":58}},"6":{"start":{"line":21,"column":8},"end":{"line":21,"column":19}},"7":{"start":{"line":25,"column":6},"end":{"line":30,"column":8}},"8":{"start":{"line":26,"column":8},"end":{"line":28,"column":9}},"9":{"start":{"line":27,"column":10},"end":{"line":27,"column":46}},"10":{"start":{"line":29,"column":8},"end":{"line":29,"column":19}},"11":{"start":{"line":33,"column":6},"end":{"line":35,"column":8}},"12":{"start":{"line":34,"column":8},"end":{"line":34,"column":44}},"13":{"start":{"line":38,"column":6},"end":{"line":38,"column":18}}},"fnMap":{"0":{"name":"(anonymous_0)","decl":{"start":{"line":4,"column":27},"end":{"line":4,"column":28}},"loc":{"start":{"line":4,"column":68},"end":{"line":40,"column":1}},"line":4},"1":{"name":"(anonymous_1)","decl":{"start":{"line":17,"column":23},"end":{"line":17,"column":24}},"loc":{"start":{"line":17,"column":33},"end":{"line":22,"column":7}},"line":17},"2":{"name":"(anonymous_2)","decl":{"start":{"line":25,"column":23},"end":{"line":25,"column":24}},"loc":{"start":{"line":25,"column":33},"end":{"line":30,"column":7}},"line":25},"3":{"name":"(anonymous_3)","decl":{"start":{"line":33,"column":26},"end":{"line":33,"column":27}},"loc":{"start":{"line":33,"column":36},"end":{"line":35,"column":7}},"line":33}},"branchMap":{"0":{"loc":{"start":{"line":5,"column":2},"end":{"line":39,"column":3}},"type":"switch","locations":[{"start":{"line":6,"column":4},"end":{"line":14,"column":7}},{"start":{"line":16,"column":4},"end":{"line":22,"column":8}},{"start":{"line":24,"column":4},"end":{"line":30,"column":8}},{"start":{"line":32,"column":4},"end":{"line":35,"column":8}},{"start":{"line":37,"column":4},"end":{"line":38,"column":18}}],"line":5},"1":{"loc":{"start":{"line":18,"column":8},"end":{"line":20,"column":9}},"type":"if","locations":[{"start":{"line":18,"column":8},"end":{"line":20,"column":9}},{"start":{},"end":{}}],"line":18},"2":{"loc":{"start":{"line":26,"column":8},"end":{"line":28,"column":9}},"type":"if","locations":[{"start":{"line":26,"column":8},"end":{"line":28,"column":9}},{"start":{},"end":{}}],"line":26}},"s":{"0":2,"1":0,"2":0,"3":0,"4":0,"5":0,"6":0,"7":0,"8":0,"9":0,"10":0,"11":0,"12":0,"13":0},"f":{"0":0,"1":0,"2":0,"3":0},"b":{"0":[0,0,0,0,0],"1":[0,0],"2":[0,0]},"_coverageSchema":"1a1c01bbd47fc00a2c39e90264f33305004495a9","hash":"e78342bf257158ac6474d1c7148cd6cb5cfd4bac"}
,"C:\\Users\\bruna.duarte\\Documents\\Cursos\\Ignite_ReactJS_2022\\01-Fundamentos_ReactJs\\01-desafio\\src\\styles\\global.ts": {"path":"C:\\Users\\bruna.duarte\\Documents\\Cursos\\Ignite_ReactJS_2022\\01-Fundamentos_ReactJs\\01-desafio\\src\\styles\\global.ts","statementMap":{"0":{"start":{"line":3,"column":27},"end":{"line":45,"column":1}},"1":{"start":{"line":12,"column":42},"end":{"line":12,"column":69}},"2":{"start":{"line":16,"column":31},"end":{"line":16,"column":60}},"3":{"start":{"line":17,"column":26},"end":{"line":17,"column":55}},"4":{"start":{"line":27,"column":30},"end":{"line":27,"column":47}},"5":{"start":{"line":43,"column":26},"end":{"line":43,"column":55}}},"fnMap":{"0":{"name":"(anonymous_0)","decl":{"start":{"line":12,"column":27},"end":{"line":12,"column":28}},"loc":{"start":{"line":12,"column":42},"end":{"line":12,"column":69}},"line":12},"1":{"name":"(anonymous_1)","decl":{"start":{"line":16,"column":16},"end":{"line":16,"column":17}},"loc":{"start":{"line":16,"column":31},"end":{"line":16,"column":60}},"line":16},"2":{"name":"(anonymous_2)","decl":{"start":{"line":17,"column":11},"end":{"line":17,"column":12}},"loc":{"start":{"line":17,"column":26},"end":{"line":17,"column":55}},"line":17},"3":{"name":"(anonymous_3)","decl":{"start":{"line":27,"column":15},"end":{"line":27,"column":16}},"loc":{"start":{"line":27,"column":30},"end":{"line":27,"column":47}},"line":27},"4":{"name":"(anonymous_4)","decl":{"start":{"line":43,"column":11},"end":{"line":43,"column":12}},"loc":{"start":{"line":43,"column":26},"end":{"line":43,"column":55}},"line":43}},"branchMap":{},"s":{"0":0,"1":0,"2":0,"3":0,"4":0,"5":0},"f":{"0":0,"1":0,"2":0,"3":0,"4":0},"b":{}}
,"C:\\Users\\bruna.duarte\\Documents\\Cursos\\Ignite_ReactJS_2022\\01-Fundamentos_ReactJs\\01-desafio\\src\\styles\\themes\\default.ts": {"path":"C:\\Users\\bruna.duarte\\Documents\\Cursos\\Ignite_ReactJS_2022\\01-Fundamentos_ReactJs\\01-desafio\\src\\styles\\themes\\default.ts","statementMap":{"0":{"start":{"line":1,"column":28},"end":{"line":22,"column":1}}},"fnMap":{},"branchMap":{},"s":{"0":8},"f":{},"b":{},"_coverageSchema":"1a1c01bbd47fc00a2c39e90264f33305004495a9","hash":"f137748ffdd7584183eaf603d4743ecbbde29638"}
}
